Skipping AlphaFold3/7N6T: no prediction found
Skipping AlphaFold3/7N6V: no prediction found
Skipping AlphaFold3/6PU8: no prediction found
Skipping AlphaFold3/6VCE: no prediction found
Skipping AlphaFold3/6VOD: no prediction found
Skipping AlphaFold3/6VOE: no prediction found
Skipping AlphaFold3/7MYP: no prediction found
Skipping AlphaFold3/6PJH: no prediction found
Skipping AlphaFold3/6PJI: no prediction found
Skipping AlphaFold3/6PJK: no prediction found
Skipping AlphaFold3/6PJN: no prediction found
Skipping AlphaFold3/6PJO: no prediction found
Skipping AlphaFold3/8DCH: no prediction found
Skipping AlphaFold3/6PJM: no prediction found
Skipping AlphaFold3/6UWC: no prediction found
Skipping AlphaFold3/6UWB: no prediction found
Skipping AlphaFold3/6PJL: no prediction found
Skipping AlphaFold3/8DCI: no prediction found
Skipping AlphaFold3/7MYY: no prediction found
Skipping AlphaFold3/6W6T: no prediction found
Skipping AlphaFold3/6PJB: no prediction found
Skipping AlphaFold3/6PJC: no prediction found
Skipping AlphaFold3/6PJG: no prediction found
Skipping AlphaFold3/6PJF: no prediction found
Skipping AlphaFold3/6OGP: no prediction found
Skipping AlphaFold3/6PJD: no prediction found
Skipping AlphaFold3/6PJE: no prediction found
Skipping AlphaFold3/6KMP: no prediction found
Skipping AlphaFold3/6OYD: no prediction found
Skipping AlphaFold3/6PTP: no prediction found
Skipping AlphaFold3/6OYR: no prediction found
Skipping AlphaFold3/7N6X: no prediction found
